[?1049h[22;0;0t[1;24r[4l[?25l(B[m[37m[40m[1;24r[H[2J[1;1H[97m[44m[K
[K
[K
[K
[K
[K
[K
[K
[K
[K
[K
[K
[K
[K
[K
[K
[K
[K
[K
[K
[K
[K
[K
[K[1;1H[8;33H[30m[47mâ”Œâ”€â”€â”€â”€â”€â”€â”€â”€â”€â”€â”€â”€â”€â”[9;33Hâ”‚             â”‚[97m[40m [10;33H[30m[47mâ”‚ E003:       â”‚[97m[40m [11;33H[30m[47mâ”‚ Letters     â”‚[97m[40m [12;33H[30m[47mâ”‚ only        â”‚[97m[40m [13;33H[30m[47mâ”‚             â”‚[97m[40m [14;33H[30m[47mâ”‚             â”‚[97m[40m [15;33H[30m[47mâ”‚   [37m[41m<Ok>[30m[47m      â”‚[97m[40m [16;33H[30m[47mâ”‚             â”‚[97m[40m [17;33H[30m[47mâ””â”€â”€â”€â”€â”€â”€â”€â”€â”€â”€â”€â”€â”€â”˜[97m[40m [18;34H               [15;38H[?12l[?25h[24;1H[37m(B[m[39;49m[K[?1049l[23;0;0t[?1049h[22;0;0t[1;24r[4l[?25l(B[m[37m[40m[1;24r[H[2J[1;1H[97m[44m[K
[K
[K
[K
[K
[K
[K
[K
[K
[K
[K
[K
[K
[K
[K
[K
[K
[K
[K
[K
[K
[K
[K
[K[1;1H[8;33H[30m[47mâ”Œâ”€â”€â”€â”€â”€â”€â”€â”€â”€â”€â”€â”€â”€â”[9;33Hâ”‚             â”‚[97m[40m [10;33H[30m[47mâ”‚ E005:       â”‚[97m[40m [11;33H[30m[47mâ”‚ Number Only â”‚[97m[40m [12;33H[30m[47mâ”‚             â”‚[97m[40m [13;33H[30m[47mâ”‚             â”‚[97m[40m [14;33H[30m[47mâ”‚             â”‚[97m[40m [15;33H[30m[47mâ”‚   [37m[41m<Ok>[30m[47m      â”‚[97m[40m [16;33H[30m[47mâ”‚             â”‚[97m[40m [17;33H[30m[47mâ””â”€â”€â”€â”€â”€â”€â”€â”€â”€â”€â”€â”€â”€â”˜[97m[40m [18;34H               [15;38H[?12l[?25h[24;1H[37m(B[m[39;49m[K[?1049l[23;0;0t[?1049h[22;0;0t[1;24r[4l[?25l(B[m[37m[40m[1;24r[H[2J[1;1H[97m[44m[K
[K
[K
[K
[K
[K
[K
[K
[K
[K
[K
[K
[K
[K
[K
[K
[K
[K
[K
[K
[K
[K
[K
[K[1;1H[8;33H[30m[47mâ”Œâ”€â”€â”€â”€â”€â”€â”€â”€â”€â”€â”€â”€â”€â”[9;33Hâ”‚             â”‚[97m[40m [10;33H[30m[47mâ”‚ E005:       â”‚[97m[40m [11;33H[30m[47mâ”‚ Number Only â”‚[97m[40m [12;33H[30m[47mâ”‚             â”‚[97m[40m [13;33H[30m[47mâ”‚             â”‚[97m[40m [14;33H[30m[47mâ”‚             â”‚[97m[40m [15;33H[30m[47mâ”‚   [37m[41m<Ok>[30m[47m      â”‚[97m[40m [16;33H[30m[47mâ”‚             â”‚[97m[40m [17;33H[30m[47mâ””â”€â”€â”€â”€â”€â”€â”€â”€â”€â”€â”€â”€â”€â”˜[97m[40m [18;34H               [15;38H[?12l[?25h[24;1H[37m(B[m[39;49m[K[?1049l[23;0;0t[?1049h[22;0;0t[1;24r[4l[?25l(B[m[37m[40m[1;24r[H[2J[1;1H[97m[44m[K
[K
[K
[K
[K
[K
[K
[K
[K
[K
[K
[K
[K
[K
[K
[K
[K
[K
[K
[K
[K
[K
[K
[K[1;1H[8;33H[30m[47mâ”Œâ”€â”€â”€â”€â”€â”€â”€â”€â”€â”€â”€â”€â”€â”[9;33Hâ”‚             â”‚[97m[40m [10;33H[30m[47mâ”‚ E100: No    â”‚[97m[40m [11;33H[30m[47mâ”‚ input       â”‚[97m[40m [12;33H[30m[47mâ”‚             â”‚[97m[40m [13;33H[30m[47mâ”‚             â”‚[97m[40m [14;33H[30m[47mâ”‚             â”‚[97m[40m [15;33H[30m[47mâ”‚   [37m[41m<Ok>[30m[47m      â”‚[97m[40m [16;33H[30m[47mâ”‚             â”‚[97m[40m [17;33H[30m[47mâ””â”€â”€â”€â”€â”€â”€â”€â”€â”€â”€â”€â”€â”€â”˜[97m[40m [18;34H               [15;38H[?12l[?25h[24;1H[37m(B[m[39;49m[K[?1049l[23;0;0t[?1049h[22;0;0t[1;24r[4l[?25l(B[m[37m[40m[1;24r[H[2J[1;1H[97m[44m[K
[K
[K
[K
[K
[K
[K
[K
[K
[K
[K
[K
[K
[K
[K
[K
[K
[K
[K
[K
[K
[K
[K
[K[1;1H[8;33H[30m[47mâ”Œâ”€â”€â”€â”€â”€â”€â”€â”€â”€â”€â”€â”€â”€â”[9;33Hâ”‚             â”‚[97m[40m [10;33H[30m[47mâ”‚ E009:       â”‚[97m[40m [11;33H[30m[47mâ”‚ Missing @   â”‚[97m[40m [12;33H[30m[47mâ”‚ sign        â”‚[97m[40m [13;33H[30m[47mâ”‚             â”‚[97m[40m [14;33H[30m[47mâ”‚             â”‚[97m[40m [15;33H[30m[47mâ”‚   [37m[41m<Ok>[30m[47m      â”‚[97m[40m [16;33H[30m[47mâ”‚             â”‚[97m[40m [17;33H[30m[47mâ””â”€â”€â”€â”€â”€â”€â”€â”€â”€â”€â”€â”€â”€â”˜[97m[40m [18;34H               [15;38H[?12l[?25h[24;1H[37m(B[m[39;49m[K[?1049l[23;0;0t[?1049h[22;0;0t[1;24r[4l[?25l(B[m[37m[40m[1;24r[H[2J[1;1H[97m[44m[K
[K
[K
[K
[K
[K
[K
[K
[K
[K
[K
[K
[K
[K
[K
[K
[K
[K
[K
[K
[K
[K
[K
[K[1;1H[8;33H[30m[47mâ”Œâ”€â”€â”€â”€â”€â”€â”€â”€â”€â”€â”€â”€â”€â”[9;33Hâ”‚             â”‚[97m[40m [10;33H[30m[47mâ”‚ E005:       â”‚[97m[40m [11;33H[30m[47mâ”‚ Number Only â”‚[97m[40m [12;33H[30m[47mâ”‚             â”‚[97m[40m [13;33H[30m[47mâ”‚             â”‚[97m[40m [14;33H[30m[47mâ”‚             â”‚[97m[40m [15;33H[30m[47mâ”‚   [37m[41m<Ok>[30m[47m      â”‚[97m[40m [16;33H[30m[47mâ”‚             â”‚[97m[40m [17;33H[30m[47mâ””â”€â”€â”€â”€â”€â”€â”€â”€â”€â”€â”€â”€â”€â”˜[97m[40m [18;34H               [15;38H[?12l[?25h[24;1H[37m(B[m[39;49m[K[?1049l[23;0;0t[?1049h[22;0;0t[1;24r[4l[?25l(B[m[37m[40m[1;24r[H[2J[1;1H[97m[44m[K
[K
[K
[K
[K
[K
[K
[K
[K
[K
[K
[K
[K
[K
[K
[K
[K
[K
[K
[K
[K
[K
[K
[K[1;1H[8;33H[30m[47mâ”Œâ”€â”€â”€â”€â”€â”€â”€â”€â”€â”€â”€â”€â”€â”[9;33Hâ”‚             â”‚[97m[40m [10;33H[30m[47mâ”‚ E009:       â”‚[97m[40m [11;33H[30m[47mâ”‚ Missing @   â”‚[97m[40m [12;33H[30m[47mâ”‚ sign        â”‚[97m[40m [13;33H[30m[47mâ”‚             â”‚[97m[40m [14;33H[30m[47mâ”‚             â”‚[97m[40m [15;33H[30m[47mâ”‚   [37m[41m<Ok>[30m[47m      â”‚[97m[40m [16;33H[30m[47mâ”‚             â”‚[97m[40m [17;33H[30m[47mâ””â”€â”€â”€â”€â”€â”€â”€â”€â”€â”€â”€â”€â”€â”˜[97m[40m [18;34H               [15;38H[?12l[?25h[24;1H[37m(B[m[39;49m[K[?1049l[23;0;0t[H[2J[3J